#
# An unexpected error has been detected by Java Runtime Environment:
#
#  EXCEPTION_ACCESS_VIOLATION (0xc0000005) at pc=0x0000000077caf2d5, pid=4768, tid=4820
#
# Java VM: Java HotSpot(TM) 64-Bit Server VM (11.2-b01 mixed mode windows-amd64)
# Problematic frame:
# C  [ntdll.dll+0x4f2d5]
#
# If you would like to submit a bug report, please visit:
#   http://java.sun.com/webapps/bugreport/crash.jsp
#

---------------  T H R E A D  ---------------

Current thread (0x000000002c713400):  JavaThread "AWT-EventQueue-0" [_thread_in_Java, id=4820, stack(0x000000002d500000,0x000000002d580000)]

siginfo: ExceptionCode=0xc0000005, reading address 0xffffffffffffffff

Registers:
EAX=0x000000002d57dd38, EBX=0x0000000000000002, ECX=0x000000002d57de08, EDX=0x000000002d57dd78
ESP=0x000000002d57dd28, EBP=0x000007feef6a5ff0, ESI=0x0000000000000020, EDI=0x0000000000000000
EIP=0x0000000077caf2d5, EFLAGS=0x0000000000010202

Top of Stack: (sp=0x000000002d57dd28)
0x000000002d57dd28:   0000000000000202 0000000077c676e9
0x000000002d57dd38:   000007fffff88000 000000002c79fd10
0x000000002d57dd48:   0000000001810080 0000000002000002
0x000000002d57dd58:   0000000001810280 00000000018107a0
0x000000002d57dd68:   000000002d57e380 00000000e50000e5
0x000000002d57dd78:   000000002d580000 000000002d561000
0x000000002d57dd88:   000000006dc0389f 0000000077d77288
0x000000002d57dd98:   0000000000000000 0000000000000050
0x000000002d57dda8:   0000000001930000 00000000e50000e5
0x000000002d57ddb8:   0000000000000040 00000000019302c8
0x000000002d57ddc8:   0000000077caccd4 00000000e008e70f
0x000000002d57ddd8:   0000000000000040 f154d829001b002d
0x000000002d57dde8:   0000000001810470 0000000000000000
0x000000002d57ddf8:   0000000001840d00 000000002c75fe60
0x000000002d57de08:   000000006db8e94c 000000002d57e940
0x000000002d57de18:   000000002d57e948 0000000024241b38 

Instructions: (pc=0x0000000077caf2d5)
0x0000000077caf2c5:   00 00 4c 89 b1 e8 00 00 00 4c 89 b9 f0 00 00 00
0x0000000077caf2d5:   0f ae 81 00 01 00 00 0f 29 81 a0 01 00 00 0f 29 


Stack: [0x000000002d500000,0x000000002d580000],  sp=0x000000002d57dd28,  free space=503k
Native frames: (J=compiled Java code, j=interpreted, Vv=VM code, C=native code)
C  [ntdll.dll+0x4f2d5]

Java frames: (J=compiled Java code, j=interpreted, Vv=VM code)
v  blob 0x000000000dd14937
j  java.awt.KeyboardFocusManager.getMostRecentFocusOwner(Ljava/awt/Window;)Ljava/awt/Component;+9
j  java.awt.KeyboardFocusManager.clearMostRecentFocusOwner(Ljava/awt/Component;)V+60
j  java.awt.Component.removeNotify()V+1
j  java.awt.Container.removeNotify()V+71
j  javax.swing.JComponent.removeNotify()V+1
j  java.awt.Container.removeNotify()V+42
j  javax.swing.JComponent.removeNotify()V+1
j  java.awt.Container.removeAll()V+84
j  com.mathworks.mwswing.desk.DTFrame.dispose()V+103
j  com.mathworks.mwswing.desk.DTSingleClientFrame.dispose()V+6
j  com.mathworks.hg.peer.FigureFrameProxy$FigureFrame.dispose()V+36
j  com.mathworks.mwswing.desk.DTSingleClientFrame.removeClient(Lcom/mathworks/mwswing/desk/DTClient;)V+119
j  com.mathworks.mwswing.desk.Desktop.setClientShowing(Lcom/mathworks/mwswing/desk/DTClient;ZLcom/mathworks/mwswing/desk/DTLocation;ZZ)V+1205
j  com.mathworks.mwswing.desk.Desktop.setClientShowing(Lcom/mathworks/mwswing/desk/DTClient;ZLcom/mathworks/mwswing/desk/DTLocation;Z)V+7
j  com.mathworks.mwswing.desk.Desktop.removeClient(Lcom/mathworks/mwswing/desk/DTClient;)V+28
j  com.mathworks.mwswing.desk.DTClient.close()V+163
j  com.mathworks.mwswing.desk.DTCloseTransaction.close()V+30
j  com.mathworks.mwswing.desk.DTCloseTransaction.query()V+126
j  com.mathworks.mwswing.desk.DTCloseTransaction.start()V+14
j  com.mathworks.mwswing.desk.DTSingleClientFrame$LocalWindowListener.windowClosing(Ljava/awt/event/WindowEvent;)V+106
j  java.awt.AWTEventMulticaster.windowClosing(Ljava/awt/event/WindowEvent;)V+21
j  java.awt.AWTEventMulticaster.windowClosing(Ljava/awt/event/WindowEvent;)V+8
j  java.awt.AWTEventMulticaster.windowClosing(Ljava/awt/event/WindowEvent;)V+8
j  java.awt.Window.processWindowEvent(Ljava/awt/event/WindowEvent;)V+68
j  javax.swing.JFrame.processWindowEvent(Ljava/awt/event/WindowEvent;)V+2
j  com.mathworks.mwswing.MJFrame.processWindowEvent(Ljava/awt/event/WindowEvent;)V+65
j  java.awt.Window.processEvent(Ljava/awt/AWTEvent;)V+69
j  com.mathworks.mwswing.MJFrame.processEvent(Ljava/awt/AWTEvent;)V+20
j  java.awt.Component.dispatchEventImpl(Ljava/awt/AWTEvent;)V+562
j  java.awt.Container.dispatchEventImpl(Ljava/awt/AWTEvent;)V+42
j  java.awt.Window.dispatchEventImpl(Ljava/awt/AWTEvent;)V+19
j  java.awt.Component.dispatchEvent(Ljava/awt/AWTEvent;)V+2
j  java.awt.EventQueue.dispatchEvent(Ljava/awt/AWTEvent;)V+46
j  java.awt.EventDispatchThread.pumpOneEventForFilters(I)Z+204
j  java.awt.EventDispatchThread.pumpEventsForFilter(ILjava/awt/Conditional;Ljava/awt/EventFilter;)V+30
j  java.awt.EventDispatchThread.pumpEventsForHierarchy(ILjava/awt/Conditional;Ljava/awt/Component;)V+11
j  java.awt.EventDispatchThread.pumpEvents(ILjava/awt/Conditional;)V+4
j  java.awt.EventDispatchThread.pumpEvents(Ljava/awt/Conditional;)V+3
j  java.awt.EventDispatchThread.run()V+9
v  ~StubRoutines::call_stub

---------------  P R O C E S S  ---------------

Java Threads: ( => current thread )
  0x000000002db25000 JavaThread "Thread-85" [_thread_blocked, id=5704, stack(0x000000002fe40000,0x000000002fec0000)]
  0x000000002db21c00 JavaThread "Active Reference Queue Daemon" daemon [_thread_blocked, id=5096, stack(0x000000002e670000,0x000000002e6f0000)]
  0x000000002db23400 JavaThread "Timer-56" daemon [_thread_blocked, id=3048, stack(0x000000002e5f0000,0x000000002e670000)]
  0x000000002db23c00 JavaThread "FelixPackageAdmin" daemon [_thread_blocked, id=4980, stack(0x000000002d3b0000,0x000000002d430000)]
  0x000000002db24800 JavaThread "FelixStartLevel" daemon [_thread_blocked, id=824, stack(0x000000002ccd0000,0x000000002cd50000)]
  0x000000002db24000 JavaThread "FelixDispatchQueue" [_thread_blocked, id=2820, stack(0x000000000dac0000,0x000000000db40000)]
  0x000000002db22400 JavaThread "Prefs Updater" daemon [_thread_blocked, id=2680, stack(0x000000000dc60000,0x000000000dce0000)]
  0x000000002db20800 JavaThread "Timer-7" daemon [_thread_blocked, id=2468, stack(0x000000000d880000,0x000000000d900000)]
  0x000000002db1fc00 JavaThread "Timer-1" [_thread_blocked, id=3328, stack(0x000000002e6f0000,0x000000002e770000)]
  0x000000002ca6a800 JavaThread "TimerQueue" daemon [_thread_blocked, id=5272, stack(0x000000002e570000,0x000000002e5f0000)]
=>0x000000002c713400 JavaThread "AWT-EventQueue-0" [_thread_in_Java, id=4820, stack(0x000000002d500000,0x000000002d580000)]
  0x000000002c68bc00 JavaThread "AWT-Windows" daemon [_thread_in_native, id=5148, stack(0x000000002cc50000,0x000000002ccd0000)]
  0x000000002c68b400 JavaThread "AWT-Shutdown" [_thread_blocked, id=5144, stack(0x000000002cbd0000,0x000000002cc50000)]
  0x000000002c699400 JavaThread "Java2D Disposer" daemon [_thread_blocked, id=5168, stack(0x000000002cb50000,0x000000002cbd0000)]
  0x000000002bf6b000 JavaThread "Timer-0" [_thread_blocked, id=5216, stack(0x000000002c210000,0x000000002c290000)]
  0x000000002be9f000 JavaThread "JMI Unnamed Thread" [_thread_in_native, id=3756, stack(0x0000000008290000,0x0000000009290000)]
  0x0000000027a88400 JavaThread "Low Memory Detector" daemon [_thread_blocked, id=5212, stack(0x000000002ad90000,0x000000002ae10000)]
  0x0000000027a86000 JavaThread "CompilerThread1" daemon [_thread_blocked, id=5224, stack(0x0000000029d90000,0x000000002ad90000)]
  0x000000000190f000 JavaThread "CompilerThread0" daemon [_thread_blocked, id=5152, stack(0x0000000028d90000,0x0000000029d90000)]
  0x000000000190e800 JavaThread "Attach Listener" daemon [_thread_blocked, id=5160, stack(0x0000000028d10000,0x0000000028d90000)]
  0x00000000018ff400 JavaThread "Finalizer" daemon [_thread_blocked, id=5156, stack(0x0000000028c90000,0x0000000028d10000)]
  0x0000000027a72800 JavaThread "Reference Handler" daemon [_thread_blocked, id=5164, stack(0x0000000028c10000,0x0000000028c90000)]
  0x0000000001838800 JavaThread "main" [_thread_in_native, id=1464, stack(0x0000000000030000,0x0000000001030000)]

Other Threads:
  0x0000000027a71000 VMThread [stack: 0x0000000027c10000,0x0000000028c10000] [id=5172]
  0x0000000027abd800 WatcherThread [stack: 0x000000002ae10000,0x000000002be10000] [id=5208]

VM state:not at safepoint (normal execution)

VM Mutex/Monitor currently owned by a thread: None

Heap
 PSYoungGen      total 44672K, used 41492K [0x0000000022910000, 0x00000000259f0000, 0x0000000025a10000)
  eden space 44480K, 92% used [0x0000000022910000,0x0000000025165398,0x0000000025480000)
  from space 192K, 100% used [0x00000000259a0000,0x00000000259d0000,0x00000000259d0000)
  to   space 128K, 0% used [0x00000000259d0000,0x00000000259d0000,0x00000000259f0000)
 PSOldGen        total 49152K, used 38805K [0x0000000019610000, 0x000000001c610000, 0x0000000022910000)
  object space 49152K, 78% used [0x0000000019610000,0x000000001bbf5618,0x000000001c610000)
 PSPermGen       total 52544K, used 52395K [0x0000000011610000, 0x0000000014960000, 0x0000000019610000)
  object space 52544K, 99% used [0x0000000011610000,0x000000001493af90,0x0000000014960000)

Dynamic libraries:
0x0000000140000000 - 0x0000000140038000 	C:\Program Files\MATLAB\R2009b\bin\win64\MATLAB.exe
0x0000000077c60000 - 0x0000000077e0b000 	C:\Windows\SYSTEM32\ntdll.dll
0x0000000077b40000 - 0x0000000077c5f000 	C:\Windows\system32\kernel32.dll
0x000007fefde80000 - 0x000007fefdeeb000 	C:\Windows\system32\KERNELBASE.dll
0x000000007cdb0000 - 0x000000007ceb9000 	C:\Program Files\MATLAB\R2009b\bin\win64\libut.dll
0x000007fefe450000 - 0x000007fefe467000 	C:\Windows\system32\imagehlp.dll
0x000007feff2f0000 - 0x000007feff38f000 	C:\Windows\system32\msvcrt.dll
0x0000000077e30000 - 0x0000000077e37000 	C:\Windows\system32\PSAPI.DLL
0x000000007d620000 - 0x000000007d648000 	C:\Program Files\MATLAB\R2009b\bin\win64\LIBEXPAT.dll
0x00000000758c0000 - 0x0000000075989000 	C:\Windows\WinSxS\amd64_microsoft.vc80.crt_1fc8b3b9a1e18e3b_8.0.50727.4927_none_88dce9872fb18caf\MSVCR80.dll
0x000000007d320000 - 0x000000007d44c000 	C:\Program Files\MATLAB\R2009b\bin\win64\icuuc40.dll
0x000007feff200000 - 0x000007feff2db000 	C:\Windows\system32\ADVAPI32.dll
0x000007feff390000 - 0x000007feff3af000 	C:\Windows\SYSTEM32\sechost.dll
0x000007fefe220000 - 0x000007fefe34e000 	C:\Windows\system32\RPCRT4.dll
0x000000007c760000 - 0x000000007c763000 	C:\Program Files\MATLAB\R2009b\bin\win64\icudt40.dll
0x000000007c770000 - 0x000000007c780000 	C:\Program Files\MATLAB\R2009b\bin\win64\icuio40.dll
0x000000007ca60000 - 0x000000007cbb3000 	C:\Program Files\MATLAB\R2009b\bin\win64\icuin40.dll
0x00000000728f0000 - 0x00000000729f9000 	C:\Windows\WinSxS\amd64_microsoft.vc80.crt_1fc8b3b9a1e18e3b_8.0.50727.4927_none_88dce9872fb18caf\MSVCP80.dll
0x0000000077a40000 - 0x0000000077b3a000 	C:\Windows\system32\USER32.dll
0x000007feff3b0000 - 0x000007feff417000 	C:\Windows\system32\GDI32.dll
0x000007feff2e0000 - 0x000007feff2ee000 	C:\Windows\system32\LPK.dll
0x000007feffcf0000 - 0x000007feffdba000 	C:\Windows\system32\USP10.dll
0x0000000078820000 - 0x0000000078890000 	C:\Program Files\MATLAB\R2009b\bin\win64\libmwfl.dll
0x000000007e820000 - 0x000000007e82f000 	C:\Program Files\MATLAB\R2009b\bin\win64\boost_date_time-vc80-mt-1_36.dll
0x000000007e800000 - 0x000000007e816000 	C:\Program Files\MATLAB\R2009b\bin\win64\boost_signals-vc80-mt-1_36.dll
0x000000007dae0000 - 0x000000007dae9000 	C:\Program Files\MATLAB\R2009b\bin\win64\boost_system-vc80-mt-1_36.dll
0x000000007c740000 - 0x000000007c751000 	C:\Program Files\MATLAB\R2009b\bin\win64\boost_thread-vc80-mt-1_36.dll
0x000000007cf70000 - 0x000000007d1e1000 	C:\Program Files\MATLAB\R2009b\bin\win64\libmwservices.dll
0x000000007cec0000 - 0x000000007cf6f000 	C:\Program Files\MATLAB\R2009b\bin\win64\libmx.dll
0x0000000079070000 - 0x0000000079087000 	C:\Program Files\MATLAB\R2009b\bin\win64\zlib1.dll
0x000000007d1f0000 - 0x000000007d318000 	C:\Program Files\MATLAB\R2009b\bin\win64\libmwmathutil.dll
0x000000007a660000 - 0x000000007a6b8000 	C:\Program Files\MATLAB\R2009b\bin\win64\mpath.dll
0x000000007d650000 - 0x000000007d6a1000 	C:\Program Files\MATLAB\R2009b\bin\win64\mlutil.dll
0x00000000787b0000 - 0x00000000787ee000 	C:\Program Files\MATLAB\R2009b\bin\win64\tbb.dll
0x000007fefdc70000 - 0x000007fefdd10000 	C:\Windows\WinSxS\amd64_microsoft.windows.common-controls_6595b64144ccf1df_5.82.7600.16385_none_a44af8ec57f961cf\COMCTL32.dll
0x000007fefe180000 - 0x000007fefe218000 	C:\Windows\system32\comdlg32.dll
0x000007fefe3d0000 - 0x000007fefe441000 	C:\Windows\system32\SHLWAPI.dll
0x000007fefe470000 - 0x000007feff1f6000 	C:\Windows\system32\SHELL32.dll
0x000007fefcc30000 - 0x000007fefcc46000 	C:\Windows\system32\NETAPI32.dll
0x000007fefcc20000 - 0x000007fefcc2c000 	C:\Windows\system32\netutils.dll
0x000007fefd7f0000 - 0x000007fefd813000 	C:\Windows\system32\srvcli.dll
0x000007fefcc00000 - 0x000007fefcc15000 	C:\Windows\system32\wkscli.dll
0x000007feffca0000 - 0x000007feffced000 	C:\Windows\system32\WS2_32.dll
0x000007fefe170000 - 0x000007fefe178000 	C:\Windows\system32\NSI.dll
0x000000007eaa0000 - 0x000000007eabd000 	C:\Program Files\MATLAB\R2009b\bin\win64\boost_filesystem-vc80-mt-1_36.dll
0x000000007acf0000 - 0x000000007ad87000 	C:\Program Files\MATLAB\R2009b\bin\win64\mcr.dll
0x000000007c780000 - 0x000000007c80c000 	C:\Program Files\MATLAB\R2009b\bin\win64\iqm.dll
0x000000007b440000 - 0x000000007bd40000 	C:\Program Files\MATLAB\R2009b\bin\win64\m_interpreter.dll
0x000000007c830000 - 0x000000007c840000 	C:\Program Files\MATLAB\R2009b\bin\win64\libmex.dll
0x000000007ab60000 - 0x000000007ac0b000 	C:\Program Files\MATLAB\R2009b\bin\win64\m_dispatcher.dll
0x000000007e720000 - 0x000000007e7ac000 	C:\Program Files\MATLAB\R2009b\bin\win64\xmlcore.dll
0x000000007a020000 - 0x000000007a2b5000 	C:\Program Files\MATLAB\R2009b\bin\win64\xerces-c_2_7.dll
0x000000007e980000 - 0x000000007ea71000 	C:\Program Files\MATLAB\R2009b\bin\win64\boost_regex-vc80-mt-1_36.dll
0x000000007aa00000 - 0x000000007aa91000 	C:\Program Files\MATLAB\R2009b\bin\win64\profiler.dll
0x000000007c8b0000 - 0x000000007c8da000 	C:\Program Files\MATLAB\R2009b\bin\win64\libmwmathrng.dll
0x0000000078fd0000 - 0x0000000078fea000 	C:\Program Files\MATLAB\R2009b\bin\win64\m_pcodeio.dll
0x000000007a610000 - 0x000000007a65d000 	C:\Program Files\MATLAB\R2009b\bin\win64\m_ir.dll
0x000000007ae40000 - 0x000000007b433000 	C:\Program Files\MATLAB\R2009b\bin\win64\m_parser.dll
0x000000007c810000 - 0x000000007c824000 	C:\Program Files\MATLAB\R2009b\bin\win64\ir_xfmr.dll
0x0000000078890000 - 0x0000000078b39000 	C:\Program Files\MATLAB\R2009b\bin\win64\mcos.dll
0x000000007c8f0000 - 0x000000007c8fc000 	C:\Program Files\MATLAB\R2009b\bin\win64\mtok.dll
0x0000000078fb0000 - 0x0000000078fd0000 	C:\Program Files\MATLAB\R2009b\bin\win64\m_pcodegen.dll
0x000007fefc590000 - 0x000007fefc6b5000 	C:\Windows\system32\dbghelp.dll
0x0000000078ec0000 - 0x0000000078ee4000 	C:\Program Files\MATLAB\R2009b\bin\win64\bridge.dll
0x000000007c3d0000 - 0x000000007c490000 	C:\Program Files\MATLAB\R2009b\bin\win64\udd.dll
0x000000007d450000 - 0x000000007d59d000 	C:\Program Files\MATLAB\R2009b\bin\win64\libmwgui.dll
0x00000000790e0000 - 0x000000007980b000 	C:\Program Files\MATLAB\R2009b\bin\win64\hg.dll
0x0000000078ef0000 - 0x0000000078f2c000 	C:\Program Files\MATLAB\R2009b\bin\win64\libmat.dll
0x000000007cbc0000 - 0x000000007cdae000 	C:\Program Files\MATLAB\R2009b\bin\win64\libhdf5.dll
0x000000007a550000 - 0x000000007a5af000 	C:\Program Files\MATLAB\R2009b\bin\win64\jmi.dll
0x000000007a490000 - 0x000000007a4d0000 	C:\Program Files\MATLAB\R2009b\bin\win64\libmwhardcopy.dll
0x000000007a5b0000 - 0x000000007a60a000 	C:\Program Files\MATLAB\R2009b\bin\win64\libuij.dll
0x0000000078680000 - 0x00000000787ab000 	C:\Program Files\MATLAB\R2009b\bin\win64\hgdatatypes.dll
0x0000000078630000 - 0x000000007867b000 	C:\Program Files\MATLAB\R2009b\bin\win64\hgutils.dll
0x0000000078f30000 - 0x0000000078fa5000 	C:\Program Files\MATLAB\R2009b\bin\win64\libmwlapack.dll
0x000000007c850000 - 0x000000007c863000 	C:\Program Files\MATLAB\R2009b\bin\win64\libmwbinder.dll
0x000000007c490000 - 0x000000007c73e000 	C:\Program Files\MATLAB\R2009b\bin\win64\uiw.dll
0x000000007c930000 - 0x000000007c93a000 	C:\Program Files\MATLAB\R2009b\bin\win64\uinone.dll
0x0000000072750000 - 0x00000000728ec000 	C:\Windows\WinSxS\amd64_microsoft.vc80.mfc_1fc8b3b9a1e18e3b_8.0.50727.4053_none_8444db7d32915e4c\MFC80.DLL
0x000007fef40f0000 - 0x000007fef4160000 	C:\Windows\system32\WINSPOOL.DRV
0x000007feff830000 - 0x000007feffa31000 	C:\Windows\system32\ole32.dll
0x000007feff420000 - 0x000007feff4f7000 	C:\Windows\system32\OLEAUT32.dll
0x000000007ad90000 - 0x000000007ae3f000 	C:\Program Files\MATLAB\R2009b\bin\win64\udd_mi.dll
0x0000000078ff0000 - 0x0000000079008000 	C:\Program Files\MATLAB\R2009b\bin\win64\mwoles05.DLL
0x000000007a990000 - 0x000000007a9fa000 	C:\Program Files\MATLAB\R2009b\bin\win64\comcli.dll
0x0000000074240000 - 0x0000000074260000 	C:\Windows\WinSxS\amd64_microsoft.vc80.atl_1fc8b3b9a1e18e3b_8.0.50727.4053_none_8a1a02152edb659b\ATL80.DLL
0x000000007c8e0000 - 0x000000007c8ee000 	C:\Program Files\MATLAB\R2009b\bin\win64\mlautoregister.dll
0x000007fefda90000 - 0x000007fefdae7000 	C:\Windows\system32\apphelp.dll
0x000007feef650000 - 0x000007feefab7000 	C:\Windows\AppPatch\AppPatch64\AcXtrnal.DLL
0x000007fef02d0000 - 0x000007fef0321000 	C:\Windows\AppPatch\AppPatch64\AcGenral.DLL
0x000007fefda60000 - 0x000007fefda85000 	C:\Windows\system32\SspiCli.dll
0x0000000073660000 - 0x0000000073663000 	C:\Windows\system32\sfc.dll
0x000007fef6ed0000 - 0x000007fef6ee0000 	C:\Windows\system32\sfc_os.DLL
0x000007fefc9d0000 - 0x000007fefc9ee000 	C:\Windows\system32\USERENV.dll
0x000007fefdbc0000 - 0x000007fefdbcf000 	C:\Windows\system32\profapi.dll
0x000007fefbb00000 - 0x000007fefbb18000 	C:\Windows\system32\dwmapi.dll
0x000007fef5be0000 - 0x000007fef5bf8000 	C:\Windows\system32\MPR.dll
0x000007feffdc0000 - 0x000007feffdee000 	C:\Windows\system32\IMM32.DLL
0x000007feff500000 - 0x000007feff609000 	C:\Windows\system32\MSCTF.dll
0x00000000746e0000 - 0x00000000746ed000 	C:\Windows\WinSxS\amd64_microsoft.vc80.mfcloc_1fc8b3b9a1e18e3b_8.0.50727.762_none_fc42961a63b5a82b\MFC80ENU.DLL
0x000007fefdaf0000 - 0x000007fefdaff000 	C:\Windows\system32\CRYPTBASE.dll
0x000007fefbcc0000 - 0x000007fefbd16000 	C:\Windows\system32\uxtheme.dll
0x000007fefce70000 - 0x000007fefd064000 	C:\Windows\WinSxS\amd64_microsoft.windows.common-controls_6595b64144ccf1df_6.0.7600.16385_none_fa645303170382f6\comctl32.dll
0x000007fefdf90000 - 0x000007fefe167000 	C:\Windows\system32\SETUPAPI.dll
0x000007fefdef0000 - 0x000007fefdf26000 	C:\Windows\system32\CFGMGR32.dll
0x000007fefdf70000 - 0x000007fefdf8a000 	C:\Windows\system32\DEVOBJ.dll
0x000007feff610000 - 0x000007feff6a9000 	C:\Windows\system32\CLBCatQ.DLL
0x000007fefc120000 - 0x000007fefc24c000 	C:\Windows\system32\propsys.dll
0x000007fefc3c0000 - 0x000007fefc3ed000 	C:\Windows\system32\ntmarta.dll
0x000007feffdf0000 - 0x000007feffe40000 	C:\Windows\system32\WLDAP32.dll
0x000007fefc6d0000 - 0x000007fefc6f7000 	C:\Windows\system32\iphlpapi.dll
0x000007fefc6c0000 - 0x000007fefc6cb000 	C:\Windows\system32\WINNSI.DLL
0x000007fefd2b0000 - 0x000007fefd30b000 	C:\Windows\system32\DNSAPI.dll
0x000007fefa800000 - 0x000007fefa818000 	C:\Windows\system32\dhcpcsvc.DLL
0x000007fefa7e0000 - 0x000007fefa7f1000 	C:\Windows\system32\dhcpcsvc6.DLL
0x00000000746d0000 - 0x00000000746d3000 	C:\Windows\system32\icmp.Dll
0x000000006d7f0000 - 0x000000006dda8000 	C:\Program Files\MATLAB\R2009b\sys\java\jre\win64\jre\bin\server\jvm.dll
0x000007fefc040000 - 0x000007fefc07b000 	C:\Windows\system32\WINMM.dll
0x000000007ab10000 - 0x000000007ab1a000 	C:\Program Files\MATLAB\R2009b\sys\java\jre\win64\jre\bin\hpi.dll
0x000000007ab30000 - 0x000000007ab3e000 	C:\Program Files\MATLAB\R2009b\sys\java\jre\win64\jre\bin\verify.dll
0x0000000079090000 - 0x00000000790b7000 	C:\Program Files\MATLAB\R2009b\sys\java\jre\win64\jre\bin\java.dll
0x000000007ab40000 - 0x000000007ab52000 	C:\Program Files\MATLAB\R2009b\sys\java\jre\win64\jre\bin\zip.dll
0x0000000079010000 - 0x0000000079032000 	C:\Program Files\MATLAB\R2009b\bin\win64\nativejava.dll
0x0000000079040000 - 0x000000007906b000 	C:\Program Files\MATLAB\R2009b\bin\win64\nativejmi.dll
0x000000007c920000 - 0x000000007c927000 	C:\Program Files\MATLAB\R2009b\bin\win64\nativeservices.dll
0x000000007a2c0000 - 0x000000007a482000 	C:\Program Files\MATLAB\R2009b\sys\java\jre\win64\jre\bin\awt.dll
0x000000007ac10000 - 0x000000007ac7b000 	C:\Program Files\MATLAB\R2009b\sys\java\jre\win64\jre\bin\fontmanager.dll
0x00000000790c0000 - 0x00000000790d7000 	C:\Program Files\MATLAB\R2009b\sys\java\jre\win64\jre\bin\net.dll

VM Arguments:
jvm_args: -Xss512k -XX:PermSize=32m -Xms64m -XX:NewRatio=3 -XX:MaxPermSize=128m -Xmx196m -XX:MaxDirectMemorySize=2147400000 -Dsun.java2d.noddraw=true -Dsun.awt.nopixfmt=true -Xshare:off -Xrs -Djava.library.path=C:\Program Files\MATLAB\R2009b\bin\win64 vfprintf abort 
java_command: <unknown>
Launcher Type: generic

Environment Variables:
CLASSPATH=.;C:\Program Files (x86)\Java\jre6\lib\ext\QTJava.zip
PATH=C:\Program Files (x86)\MiKTeX 2.8\miktex\bin;c:\Program Files (x86)\NVIDIA Corporation\PhysX\Common;C:\Program Files (x86)\PC Connectivity Solution\;C:\Windows\system32;C:\Windows;C:\Windows\System32\Wbem;C:\Windows\System32\WindowsPowerShell\v1.0\;C:\Program Files\Dell\Dell Wireless WLAN Card;C:\Program Files\MATLAB\R2009b\runtime\win64;C:\Program Files\MATLAB\R2009b\bin;C:\Users\Ahmad\My Software\Multimedia\FFMPEG\;C:\Program Files (x86)\CMake 2.8\bin;C:\Users\Ahmad\My Software\Networking\putty;C:\Program Files\Python3.1;C:\Program Files (x86)\MathWorks\MATLAB Component Runtime\v72\runtime\win32;C:\Program Files (x86)\gs\gs8.71\bin;C:\Program Files (x86)\gs\gs8.71\lib;C:\Program Files (x86)\QuickTime\QTSystem\;C:\OpenCV2.1\bin
USERNAME=Ahmad
OS=Windows_NT
PROCESSOR_IDENTIFIER=Intel64 Family 6 Model 23 Stepping 6, GenuineIntel



---------------  S Y S T E M  ---------------

OS: Windows NT 6.1 Build 7600 

CPU:total 2 (2 cores per cpu, 1 threads per core) family 6 model 7 stepping 6, cmov, cx8, fxsr, mmx, sse, sse2, sse3, ssse3

Memory: 4k page, physical 3143744k(1485592k free), swap 7722080k(5703944k free)

vm_info: Java HotSpot(TM) 64-Bit Server VM (11.2-b01) for windows-amd64 JRE (1.6.0_12-b04), built on Jan 17 2009 01:49:05 by "java_re" with MS VC++ 8.0

time: Thu Jul 08 08:30:04 2010
elapsed time: 32689 seconds

